c:\users\hejmi\source\repos\autobackground\autobackground\x64\debug\vc141.pdb
c:\users\hejmi\source\repos\autobackground\autobackground\x64\debug\vc141.idb
c:\users\hejmi\source\repos\autobackground\autobackground\x64\debug\source.obj
c:\users\hejmi\source\repos\autobackground\autobackground\x64\debug\requesthandler.obj
c:\users\hejmi\source\repos\autobackground\autobackground\x64\debug\imagehandler.obj
c:\git\autobackground\autobackground\x64\debug\vc141.pdb
c:\git\autobackground\autobackground\x64\debug\vc141.idb
c:\git\autobackground\autobackground\x64\debug\time.obj
c:\git\autobackground\autobackground\x64\debug\request.obj
c:\git\autobackground\autobackground\x64\debug\imagehandler.obj
c:\git\autobackground\autobackground\x64\debug\requesthandler.obj
c:\git\autobackground\autobackground\x64\debug\source.obj
c:\git\autobackground\autobackground\x64\debug\autobackground.tlog\cl.command.1.tlog
c:\git\autobackground\autobackground\x64\debug\autobackground.tlog\cl.read.1.tlog
c:\git\autobackground\autobackground\x64\debug\autobackground.tlog\cl.write.1.tlog
c:\git\autobackground\autobackground\x64\debug\autobackground.tlog\link-cvtres.read.1.tlog
c:\git\autobackground\autobackground\x64\debug\autobackground.tlog\link-cvtres.write.1.tlog
c:\git\autobackground\autobackground\x64\debug\autobackground.tlog\link-rc.read.1.tlog
c:\git\autobackground\autobackground\x64\debug\autobackground.tlog\link-rc.write.1.tlog
c:\git\autobackground\autobackground\x64\debug\autobackground.tlog\link.command.1.tlog
c:\git\autobackground\autobackground\x64\debug\autobackground.tlog\link.read.1.tlog
c:\git\autobackground\autobackground\x64\debug\autobackground.tlog\link.write.1.tlog
