c:\users\hejmi\source\repos\autobackground\autobackground\debug\vcpkg.applocal.log
c:\users\hejmi\source\repos\autobackground\debug\cpprest_2_10d.dll
c:\users\hejmi\source\repos\autobackground\debug\boost_date_time-vc141-mt-gd-x32-1_70.dll
c:\users\hejmi\source\repos\autobackground\debug\ssleay32.dll
c:\users\hejmi\source\repos\autobackground\debug\libeay32.dll
c:\users\hejmi\source\repos\autobackground\debug\zlibd1.dll
c:\users\hejmi\source\repos\autobackground\debug\brotlienc.dll
c:\users\hejmi\source\repos\autobackground\debug\brotlicommon.dll
c:\users\hejmi\source\repos\autobackground\debug\brotlidec.dll
c:\users\hejmi\source\repos\autobackground\autobackground\debug\vc141.pdb
c:\users\hejmi\source\repos\autobackground\autobackground\debug\vc141.idb
c:\users\hejmi\source\repos\autobackground\autobackground\debug\source.obj
c:\users\hejmi\source\repos\autobackground\autobackground\debug\httphandler.obj
c:\users\hejmi\source\repos\autobackground\autobackground\debug\requesthandler.obj
c:\users\hejmi\source\repos\autobackground\autobackground\debug\imagehandler.obj
c:\users\hejmi\source\repos\autobackground\debug\autobackground.exe
c:\users\hejmi\source\repos\autobackground\debug\autobackground.ilk
c:\users\hejmi\source\repos\autobackground\debug\autobackground.pdb
c:\users\hejmi\source\repos\autobackground\autobackground\debug\autobackground.tlog\autobackground.write.1u.tlog
c:\users\hejmi\source\repos\autobackground\autobackground\debug\autobackground.tlog\cl.command.1.tlog
c:\users\hejmi\source\repos\autobackground\autobackground\debug\autobackground.tlog\cl.read.1.tlog
c:\users\hejmi\source\repos\autobackground\autobackground\debug\autobackground.tlog\cl.write.1.tlog
c:\users\hejmi\source\repos\autobackground\autobackground\debug\autobackground.tlog\link-cvtres.read.1.tlog
c:\users\hejmi\source\repos\autobackground\autobackground\debug\autobackground.tlog\link-cvtres.write.1.tlog
c:\users\hejmi\source\repos\autobackground\autobackground\debug\autobackground.tlog\link-rc.read.1.tlog
c:\users\hejmi\source\repos\autobackground\autobackground\debug\autobackground.tlog\link-rc.write.1.tlog
c:\users\hejmi\source\repos\autobackground\autobackground\debug\autobackground.tlog\link.6232-cvtres.read.1.tlog
c:\users\hejmi\source\repos\autobackground\autobackground\debug\autobackground.tlog\link.6232-cvtres.write.1.tlog
c:\users\hejmi\source\repos\autobackground\autobackground\debug\autobackground.tlog\link.6232-rc.read.1.tlog
c:\users\hejmi\source\repos\autobackground\autobackground\debug\autobackground.tlog\link.6232-rc.write.1.tlog
c:\users\hejmi\source\repos\autobackground\autobackground\debug\autobackground.tlog\link.6232.read.1.tlog
c:\users\hejmi\source\repos\autobackground\autobackground\debug\autobackground.tlog\link.6232.write.1.tlog
c:\users\hejmi\source\repos\autobackground\autobackground\debug\autobackground.tlog\link.command.1.tlog
c:\users\hejmi\source\repos\autobackground\autobackground\debug\autobackground.tlog\link.read.1.tlog
c:\users\hejmi\source\repos\autobackground\autobackground\debug\autobackground.tlog\link.write.1.tlog
