c:\users\hejmi\source\repos\autobackground\release\autobackground.ipdb
c:\users\hejmi\source\repos\autobackground\release\autobackground.iobj
c:\users\hejmi\source\repos\autobackground\autobackground\release\vcpkg.applocal.log
c:\users\hejmi\source\repos\autobackground\release\cpprest_2_10.dll
c:\users\hejmi\source\repos\autobackground\release\boost_date_time-vc141-mt-x32-1_70.dll
c:\users\hejmi\source\repos\autobackground\release\ssleay32.dll
c:\users\hejmi\source\repos\autobackground\release\libeay32.dll
c:\users\hejmi\source\repos\autobackground\release\zlib1.dll
c:\users\hejmi\source\repos\autobackground\release\brotlienc.dll
c:\users\hejmi\source\repos\autobackground\release\brotlicommon.dll
c:\users\hejmi\source\repos\autobackground\release\brotlidec.dll
c:\git\autobackground\release\autobackground.ipdb
c:\git\autobackground\release\autobackground.iobj
c:\git\autobackground\autobackground\release\vcpkg.applocal.log
c:\git\autobackground\release\cpprest_2_10.dll
c:\git\autobackground\release\boost_date_time-vc141-mt-x32-1_70.dll
c:\git\autobackground\release\ssleay32.dll
c:\git\autobackground\release\libeay32.dll
c:\git\autobackground\release\zlib1.dll
c:\git\autobackground\release\brotlienc.dll
c:\git\autobackground\release\brotlicommon.dll
c:\git\autobackground\release\brotlidec.dll
c:\users\hejmi\source\repos\autobackground\autobackground\release\vc141.pdb
c:\users\hejmi\source\repos\autobackground\autobackground\release\source.obj
c:\users\hejmi\source\repos\autobackground\autobackground\release\requesthandler.obj
c:\users\hejmi\source\repos\autobackground\autobackground\release\imagehandler.obj
c:\users\hejmi\source\repos\autobackground\autobackground\release\time.obj
c:\users\hejmi\source\repos\autobackground\autobackground\release\image.obj
c:\users\hejmi\source\repos\autobackground\autobackground\release\request.obj
c:\git\autobackground\autobackground\release\vc141.pdb
c:\git\autobackground\autobackground\release\time.obj
c:\git\autobackground\autobackground\release\source.obj
c:\git\autobackground\autobackground\release\request.obj
c:\git\autobackground\autobackground\release\image.obj
c:\users\hejmi\source\repos\autobackground\release\autobackground.exe
c:\users\hejmi\source\repos\autobackground\release\autobackground.pdb
c:\git\autobackground\release\autobackground.exe
c:\git\autobackground\release\autobackground.pdb
c:\git\autobackground\autobackground\release\imagehandler.obj
c:\git\autobackground\autobackground\release\requesthandler.obj
c:\git\autobackground\autobackground\release\autobackground.tlog\autobackground.write.1u.tlog
c:\git\autobackground\autobackground\release\autobackground.tlog\cl.command.1.tlog
c:\git\autobackground\autobackground\release\autobackground.tlog\cl.read.1.tlog
c:\git\autobackground\autobackground\release\autobackground.tlog\cl.write.1.tlog
c:\git\autobackground\autobackground\release\autobackground.tlog\link.command.1.tlog
c:\git\autobackground\autobackground\release\autobackground.tlog\link.read.1.tlog
c:\git\autobackground\autobackground\release\autobackground.tlog\link.write.1.tlog
